{"numTotalTestSuites":12,"numPassedTestSuites":12,"numFailedTestSuites":0,"numPendingTestSuites":0,"numTotalTests":36,"numPassedTests":36,"numFailedTests":0,"numPendingTests":0,"numTodoTests":0,"snapshot":{"added":0,"failure":false,"filesAdded":0,"filesRemoved":0,"filesRemovedList":[],"filesUnmatched":0,"filesUpdated":0,"matched":0,"total":0,"unchecked":0,"uncheckedKeysByFile":[],"unmatched":0,"updated":0,"didUpdate":false},"startTime":1790129487954,"success":true,"testResults":[{"assertionResults":[{"ancestorTitles":["buildPanelRefManifest — 图号顺序"],"fullName":"buildPanelRefManifest — 图号顺序 共用属性图（插入最前）→ 人物 → 场景 → 道具","status":"passed","title":"共用属性图（插入最前）→ 人物 → 场景 → 道具","duration":1.7623000000000957,"failureMessages":[],"meta":{}},{"ancestorTitles":["buildPanelRefManifest — 图号顺序"],"fullName":"buildPanelRefManifest — 图号顺序 不变式：images[i] 就是「图 i+1」","status":"passed","title":"不变式：images[i] 就是「图 i+1」","duration":0.5599999999999454,"failureMessages":[],"meta":{}},{"ancestorTitles":["buildPanelRefManifest — 图号顺序"],"fullName":"buildPanelRefManifest — 图号顺序 「插入最后」的块完全不参与取图与编号","status":"passed","title":"「插入最后」的块完全不参与取图与编号","duration":1.1100000000001273,"failureMessages":[],"meta":{}},{"ancestorTitles":["buildPanelRefManifest — 图号顺序"],"fullName":"buildPanelRefManifest — 图号顺序 不做截断：超过 14 张也全部返回","status":"passed","title":"不做截断：超过 14 张也全部返回","duration":0.421100000000024,"failureMessages":[],"meta":{}},{"ancestorTitles":["buildPanelRefManifest — 图号顺序"],"fullName":"buildPanelRefManifest — 图号顺序 实时性：改资产视觉状态的图顺序后，图号立刻变化（无缓存）","status":"passed","title":"实时性：改资产视觉状态的图顺序后，图号立刻变化（无缓存）","duration":0.1630999999999858,"failureMessages":[],"meta":{}},{"ancestorTitles":["buildPanelRefManifest — 图号顺序"],"fullName":"buildPanelRefManifest — 图号顺序 手动顺序优先；无效 key 被忽略，新参考图按默认顺序追加并重新编号","status":"passed","title":"手动顺序优先；无效 key 被忽略，新参考图按默认顺序追加并重新编号","duration":0.3712999999997919,"failureMessages":[],"meta":{}},{"ancestorTitles":["buildPanelRefManifest — 图号顺序"],"fullName":"buildPanelRefManifest — 图号顺序 共用属性替换图片后，旧图片 key 自动失效，新图片按默认顺序追加","status":"passed","title":"共用属性替换图片后，旧图片 key 自动失效，新图片按默认顺序追加","duration":0.20959999999990941,"failureMessages":[],"meta":{}},{"ancestorTitles":["buildPanelRefManifest — 图号顺序"],"fullName":"buildPanelRefManifest — 图号顺序 分镜手选图优先（单选口径），未选则取该状态第一张","status":"passed","title":"分镜手选图优先（单选口径），未选则取该状态第一张","duration":0.18640000000004875,"failureMessages":[],"meta":{}},{"ancestorTitles":["groupManifestByType — 分组"],"fullName":"groupManifestByType — 分组 共用属性归入 style 组，其余按资产类型分组且顺序与图号一致","status":"passed","title":"共用属性归入 style 组，其余按资产类型分组且顺序与图号一致","duration":0.3868999999999687,"failureMessages":[],"meta":{}},{"ancestorTitles":["composeFinalPrompt — 运行时最终拼接"],"fullName":"composeFinalPrompt — 运行时最终拼接 前置共用属性 + 动态参考图 + 画面描述 + 后置共用属性，图号来自当前清单","status":"passed","title":"前置共用属性 + 动态参考图 + 画面描述 + 后置共用属性，图号来自当前清单","duration":0.6815999999998894,"failureMessages":[],"meta":{}},{"ancestorTitles":["composeFinalPrompt — 运行时最终拼接"],"fullName":"composeFinalPrompt — 运行时最终拼接 最终提示词严格按前置属性、参考图定义、内容、后置属性排列","status":"passed","title":"最终提示词严格按前置属性、参考图定义、内容、后置属性排列","duration":0.20139999999992142,"failureMessages":[],"meta":{}},{"ancestorTitles":["composeFinalPrompt — 运行时最终拼接"],"fullName":"composeFinalPrompt — 运行时最终拼接 画面描述保持纯净：函数不改写 imagePrompt，只在其前后拼接","status":"passed","title":"画面描述保持纯净：函数不改写 imagePrompt，只在其前后拼接","duration":0.2035000000000764,"failureMessages":[],"meta":{}},{"ancestorTitles":["composeFinalPrompt — 运行时最终拼接"],"fullName":"composeFinalPrompt — 运行时最终拼接 额外参考图追加在核心清单末尾，定义图号与发送数组位置一致","status":"passed","title":"额外参考图追加在核心清单末尾，定义图号与发送数组位置一致","duration":0.1733999999999014,"failureMessages":[],"meta":{}},{"ancestorTitles":["buildBlockText"],"fullName":"buildBlockText 三段式：属性名 / 图号行 / 描述正文，互不覆盖","status":"passed","title":"三段式：属性名 / 图号行 / 描述正文，互不覆盖","duration":0.07609999999999673,"failureMessages":[],"meta":{}},{"ancestorTitles":["buildBlockText"],"fullName":"buildBlockText back 组不产生图号行","status":"passed","title":"back 组不产生图号行","duration":0.0524000000000342,"failureMessages":[],"meta":{}},{"ancestorTitles":["buildBlockText"],"fullName":"buildBlockText 无图无描述时整块跳过","status":"passed","title":"无图无描述时整块跳过","duration":0.05690000000004147,"failureMessages":[],"meta":{}},{"ancestorTitles":["parseChapterPanelPrompts — 整章输出对位"],"fullName":"parseChapterPanelPrompts — 整章输出对位 按【分镜N】标记对位（不依赖顺序）","status":"passed","title":"按【分镜N】标记对位（不依赖顺序）","duration":0.4692999999999756,"failureMessages":[],"meta":{}},{"ancestorTitles":["parseChapterPanelPrompts — 整章输出对位"],"fullName":"parseChapterPanelPrompts — 整章输出对位 兼容「第N镜」与 Markdown 标题形态","status":"passed","title":"兼容「第N镜」与 Markdown 标题形态","duration":0.11030000000005202,"failureMessages":[],"meta":{}},{"ancestorTitles":["parseChapterPanelPrompts — 整章输出对位"],"fullName":"parseChapterPanelPrompts — 整章输出对位 主形态：## 分镜 N 标题 + 段内第X格小节——格标题绝不当作分镜标记截断正文","status":"passed","title":"主形态：## 分镜 N 标题 + 段内第X格小节——格标题绝不当作分镜标记截断正文","duration":0.18589999999994689,"failureMessages":[],"meta":{}},{"ancestorTitles":["parseChapterPanelPrompts — 整章输出对位"],"fullName":"parseChapterPanelPrompts — 整章输出对位 漏段时记录 missingOrders，不误配到别的镜","status":"passed","title":"漏段时记录 missingOrders，不误配到别的镜","duration":0.1878999999998996,"failureMessages":[],"meta":{}},{"ancestorTitles":["parseChapterPanelPrompts — 整章输出对位"],"fullName":"parseChapterPanelPrompts — 整章输出对位 完全没有标记时按顺序兜底并标记 mode=sequential","status":"passed","title":"完全没有标记时按顺序兜底并标记 mode=sequential","duration":0.2053000000000793,"failureMessages":[],"meta":{}},{"ancestorTitles":["parseChapterPanelPrompts — 整章输出对位"],"fullName":"parseChapterPanelPrompts — 整章输出对位 段落少于分镜数时，多出的镜进 missingOrders","status":"passed","title":"段落少于分镜数时，多出的镜进 missingOrders","duration":0.10040000000003602,"failureMessages":[],"meta":{}},{"ancestorTitles":["画面描述推导 — 只推导纯画面内容"],"fullName":"画面描述推导 — 只推导纯画面内容 逐镜推导只给分镜上下文，不包含参考图、图号或共用属性","status":"passed","title":"逐镜推导只给分镜上下文，不包含参考图、图号或共用属性","duration":0.7799999999999727,"failureMessages":[],"meta":{}},{"ancestorTitles":["画面描述推导 — 只推导纯画面内容"],"fullName":"画面描述推导 — 只推导纯画面内容 变量注册表里已没有共用属性变量与资产设定变量","status":"passed","title":"变量注册表里已没有共用属性变量与资产设定变量","duration":0.5296999999998206,"failureMessages":[],"meta":{}},{"ancestorTitles":["逐镜与全章模板的变量差异"],"fullName":"逐镜与全章模板的变量差异 逐镜模板含当前分镜/镜头/前文分镜，不含参考图与全章变量","status":"passed","title":"逐镜模板含当前分镜/镜头/前文分镜，不含参考图与全章变量","duration":0.3974000000000615,"failureMessages":[],"meta":{}},{"ancestorTitles":["逐镜与全章模板的变量差异"],"fullName":"逐镜与全章模板的变量差异 全章模板只输出全章分镜，不注入逐镜参考图清单","status":"passed","title":"全章模板只输出全章分镜，不注入逐镜参考图清单","duration":0.3130999999998494,"failureMessages":[],"meta":{}}],"startTime":1790129489686,"endTime":1790129489696.3975,"status":"passed","message":"","name":"D:/xiang/gzh-layout/tests/modules/panelRefManifest.test.ts"},{"assertionResults":[{"ancestorTitles":["参考图用途模板 · 渲染"],"fullName":"参考图用途模板 · 渲染 默认模板渲染结果与原硬编码文案逐字一致（重构回归锁）","status":"passed","title":"默认模板渲染结果与原硬编码文案逐字一致（重构回归锁）","duration":1.0114999999998417,"failureMessages":[],"meta":{}},{"ancestorTitles":["参考图用途模板 · 渲染"],"fullName":"参考图用途模板 · 渲染 两个占位符都替换；用户自己写了句号不重复加","status":"passed","title":"两个占位符都替换；用户自己写了句号不重复加","duration":0.1732999999999265,"failureMessages":[],"meta":{}},{"ancestorTitles":["参考图用途模板 · 渲染"],"fullName":"参考图用途模板 · 渲染 模板里不写占位符也能用（完全固定的文案）","status":"passed","title":"模板里不写占位符也能用（完全固定的文案）","duration":0.10059999999998581,"failureMessages":[],"meta":{}},{"ancestorTitles":["参考图用途模板 · 取值优先级"],"fullName":"参考图用途模板 · 取值优先级 资产级覆盖优先于项目级","status":"passed","title":"资产级覆盖优先于项目级","duration":0.11220000000002983,"failureMessages":[],"meta":{}},{"ancestorTitles":["参考图用途模板 · 取值优先级"],"fullName":"参考图用途模板 · 取值优先级 资产没填时用项目级","status":"passed","title":"资产没填时用项目级","duration":0.06950000000006185,"failureMessages":[],"meta":{}},{"ancestorTitles":["参考图用途模板 · 取值优先级"],"fullName":"参考图用途模板 · 取值优先级 资产留空串 / 纯空白视为未填，继续回落（用户清空输入即回到默认）","status":"passed","title":"资产留空串 / 纯空白视为未填，继续回落（用户清空输入即回到默认）","duration":0.19399999999995998,"failureMessages":[],"meta":{}},{"ancestorTitles":["参考图用途模板 · 端到端（清单 → 最终提示词）"],"fullName":"参考图用途模板 · 端到端（清单 → 最终提示词） 未配置时输出与原格式一致","status":"passed","title":"未配置时输出与原格式一致","duration":0.7013999999999214,"failureMessages":[],"meta":{}},{"ancestorTitles":["参考图用途模板 · 端到端（清单 → 最终提示词）"],"fullName":"参考图用途模板 · 端到端（清单 → 最终提示词） 项目级配置生效","status":"passed","title":"项目级配置生效","duration":0.12979999999993197,"failureMessages":[],"meta":{}},{"ancestorTitles":["参考图用途模板 · 端到端（清单 → 最终提示词）"],"fullName":"参考图用途模板 · 端到端（清单 → 最终提示词） 资产级覆盖压过项目级","status":"passed","title":"资产级覆盖压过项目级","duration":0.22989999999981592,"failureMessages":[],"meta":{}},{"ancestorTitles":["参考图用途模板 · 端到端（清单 → 最终提示词）"],"fullName":"参考图用途模板 · 端到端（清单 → 最终提示词） 图号与资产名始终由代码算，用户模板改不动它们","status":"passed","title":"图号与资产名始终由代码算，用户模板改不动它们","duration":0.15799999999990177,"failureMessages":[],"meta":{}}],"startTime":1790129489685,"endTime":1790129489688.23,"status":"passed","message":"","name":"D:/xiang/gzh-layout/tests/modules/refUsage.test.ts"}]}